[Licensing::Module] Trying to connect to existing licensing client channel...
Built from '6000.3/staging' branch; Version is '6000.3.11f1 (3000ef702840) revision 3145967'; Using compiler version '194234433'; Build Type 'Release'
[Licensing::IpcConnector] Successfully connected to: "LicenseClient-camailo" at "2026-03-18T22:15:36.7365187Z"
OS: 'Windows 11  (10.0.26200) Professional' Language: 'en' Physical Memory: 32693 MB
BatchMode: 1, IsHumanControllingUs: 0, StartBugReporterOnCrash: 0, Is64bit: 1
System  architecture: x64
Process architecture: x64
Date: 2026-03-18T22:15:36Z

COMMAND LINE ARGUMENTS:
C:\Program Files\Unity\Hub\Editor\6000.3.11f1\Editor\Unity.exe
-adb2
-batchMode
-noUpm
-name
AssetImportWorker10
-projectPath
C:/Users/camil/Downloads/Vector-Unity6Project
-logFile
Logs/AssetImportWorker10.log
-srvPort
60651
-licensingIpc
LicenseClient-camailo
-job-worker-count
7
-background-job-worker-count
8
-gc-helper-count
1
-name
AssetImport
Successfully changed project path to: C:/Users/camil/Downloads/Vector-Unity6Project
C:/Users/camil/Downloads/Vector-Unity6Project
[UnityMemory] Configuration Parameters - Can be set up in boot.config
    "memorysetup-temp-allocator-size-nav-mesh-worker=65536"
    "memorysetup-temp-allocator-size-audio-worker=65536"
    "memorysetup-temp-allocator-size-gfx=262144"
    "memorysetup-allocator-temp-initial-block-size-main=262144"
    "memorysetup-allocator-temp-initial-block-size-worker=262144"
    "memorysetup-temp-allocator-size-background-worker=32768"
    "memorysetup-temp-allocator-size-job-worker=262144"
    "memorysetup-temp-allocator-size-preload-manager=33554432"
    "memorysetup-temp-allocator-size-gi-baking-worker=262144"
    "memorysetup-temp-allocator-size-gi-baking-worker=262144"
    "memorysetup-temp-allocator-size-gi-baking-worker=262144"
    "memorysetup-temp-allocator-size-gi-baking-worker=262144"
    "memorysetup-temp-allocator-size-gi-baking-worker=262144"
    "memorysetup-bucket-allocator-granularity=16"
    "memorysetup-bucket-allocator-bucket-count=8"
    "memorysetup-bucket-allocator-block-size=33554432"
    "memorysetup-bucket-allocator-block-count=8"
    "memorysetup-main-allocator-block-size=16777216"
    "memorysetup-thread-allocator-block-size=16777216"
    "memorysetup-gfx-main-allocator-block-size=16777216"
    "memorysetup-gfx-thread-allocator-block-size=16777216"
    "memorysetup-cache-allocator-block-size=4194304"
    "memorysetup-typetree-allocator-block-size=2097152"
    "memorysetup-profiler-bucket-allocator-granularity=16"
    "memorysetup-profiler-bucket-allocator-bucket-count=8"
    "memorysetup-profiler-bucket-allocator-block-size=33554432"
    "memorysetup-profiler-bucket-allocator-block-count=8"
    "memorysetup-profiler-allocator-block-size=16777216"
    "memorysetup-profiler-editor-allocator-block-size=1048576"
    "memorysetup-temp-allocator-size-main=16777216"
    "memorysetup-job-temp-allocator-block-size=2097152"
    "memorysetup-job-temp-allocator-block-size-background=1048576"
    "memorysetup-job-temp-allocator-reduction-small-platforms=262144"
    "memorysetup-temp-allocator-size-cloud-worker=32768"
Player connection [18336]  Target information:

Player connection [18336]  * "[IP] 192.168.50.104 [Port] 0 [Flags] 2 [Guid] 221240094 [EditorId] 221240094 [Version] 1048832 [Id] WindowsEditor(7,Camailo) [Debug] 1 [PackageName] WindowsEditor [ProjectName] Editor" 

Player connection [18336] Host joined multi-casting on [225.0.0.222:54997]...
Player connection [18336] Host joined alternative multi-casting on [225.0.0.222:34997]...
JobSystem: Creating JobQueue using job-worker-count value 7
Input System module state changed to: Initialized.
[Physics::Module] Initialized fallback backend.
[Physics::Module] Id: 0xdecafbad
Library Redirect Path: Library/
[Physics::Module] Selected backend.
[Physics::Module] Name: PhysX
[Physics::Module] Id: 0xf2b8ea05
[Physics::Module] SDK Version: 4.1.2
[Physics::Module] Integration Version: 1.0.0
[Physics::Module] Threading Mode: Multi-Threaded
Refreshing native plugins compatible for Editor in 4.12 ms, found 2 plugins.
Preloading 0 native plugins for Editor in 0.00 ms.
Initialize engine version: 6000.3.11f1 (3000ef702840)
[Subsystems] Discovering subsystems at path C:/Program Files/Unity/Hub/Editor/6000.3.11f1/Editor/Data/Resources/UnitySubsystems
[Subsystems] Discovering subsystems at path C:/Users/camil/Downloads/Vector-Unity6Project/Assets
GfxDevice: creating device client; kGfxThreadingModeNonThreaded
Direct3D:
    Version:  Direct3D 11.0 [level 11.1]
    Renderer: NVIDIA GeForce RTX 3070 Ti (ID=0x2482)
    Vendor:   NVIDIA
    VRAM:     8017 MB
    Driver:   32.0.15.9174
Initialize mono
Mono path[0] = 'C:/Program Files/Unity/Hub/Editor/6000.3.11f1/Editor/Data/Managed'
Mono path[1] = 'C:/Program Files/Unity/Hub/Editor/6000.3.11f1/Editor/Data/MonoBleedingEdge/lib/mono/unityjit-win32'
Mono config path = 'C:/Program Files/Unity/Hub/Editor/6000.3.11f1/Editor/Data/MonoBleedingEdge/etc'
Using monoOptions --debugger-agent=transport=dt_socket,embedding=1,server=y,suspend=n,address=127.0.0.1:56876
Begin MonoManager ReloadAssembly
Registering precompiled unity dll's ...
Register platform support module: C:/Program Files/Unity/Hub/Editor/6000.3.11f1/Editor/Data/PlaybackEngines/WindowsStandaloneSupport/UnityEditor.WindowsStandalone.Extensions.dll
Registered in 0.002385 seconds.
- Loaded All Assemblies, in  0.439 seconds
Native extension for WindowsStandalone target not found
Package Manager log level set to [2]
[Package Manager] Failed to launch server process. Reason: Unity was launched with the -noUpm command-line argument
[Package Manager] Unable to send message (not connected to server process).
[Package Manager] Cannot connect to Unity Package Manager local server
ScheduleIndexationOnStartup MainProcess:False IndexOnStartup:True
Mono: successfully reloaded assembly
- Finished resetting the current domain, in  0.401 seconds
Domain Reload Profiling: 837ms
	BeginReloadAssembly (135ms)
		ExecutionOrderSort (0ms)
		DisableScriptedObjects (0ms)
		BackupInstance (0ms)
		ReleaseScriptingObjects (0ms)
		CreateAndSetChildDomain (1ms)
	RebuildCommonClasses (45ms)
	RebuildNativeTypeToScriptingClass (13ms)
	initialDomainReloadingComplete (55ms)
	LoadAllAssembliesAndSetupDomain (187ms)
		LoadAssemblies (131ms)
		RebuildTransferFunctionScriptingTraits (0ms)
		AnalyzeDomain (184ms)
			TypeCache.Refresh (183ms)
				TypeCache.ScanAssembly (168ms)
			BuildScriptInfoCaches (0ms)
			ResolveRequiredComponents (0ms)
	FinalizeReload (401ms)
		ReleaseScriptCaches (0ms)
		RebuildScriptCaches (0ms)
		SetupLoadedEditorAssemblies (352ms)
			LogAssemblyErrors (0ms)
			InitializePlatformSupportModulesInManaged (51ms)
			SetLoadedEditorAssemblies (3ms)
			BeforeProcessingInitializeOnLoad (76ms)
			ProcessInitializeOnLoadAttributes (139ms)
			ProcessInitializeOnLoadMethodAttributes (82ms)
			AfterProcessingInitializeOnLoad (0ms)
			EditorAssembliesLoaded (0ms)
		ExecutionOrderSort2 (0ms)
		AwakeInstancesAfterBackupRestoration (0ms)
========================================================================
Worker process is ready to serve import requests
Import Worker Mode flag is 0x00
Begin MonoManager ReloadAssembly
[Licensing::Module] Licensing is not yet initialized.
[Licensing::Client] Error: HandshakeResponse reported an error:
	ResponseCode: 505
	ResponseStatus: Unsupported protocol version '1.18.0'.
[Licensing::Module] Error: Failed to handshake to channel: "LicenseClient-camailo"
[Licensing::IpcConnector] LicenseClient-camailo channel disconnected successfully.
[Licensing::IpcConnector] Successfully connected to: "LicenseClient-camailo-6000.3.11" at "2026-03-18T22:15:39.4456921Z"
[Licensing::Client] Handshaking with LicensingClient:
  Version:                 1.18.0+23225a6
  Session Id:              ba793d51c6a74516a9caf587ef859b6e
  Correlation Id:          0ee10b54a5c211c7b943428cfd3c6ccb
  External correlation Id: 3120465673485675157
  Machine Id:              4fScGr73g1Bu5RL61AUQRsHBFQw=
[Licensing::Module] Successfully connected to LicensingClient on channel: "LicenseClient-camailo-6000.3.11" (connect: 0.00s, validation: 0.00s, handshake: 0.12s)
[Licensing::IpcConnector] Successfully connected to: "LicenseClient-camailo-6000.3.11-notifications" at "2026-03-18T22:15:39.5694162Z"
[Licensing::Module] Licensing Background thread has ended after 2.83s
[Licensing::Module] Licensing is initialized (took 1.02s).
[Licensing::Client] Successfully resolved entitlement details
[Licensing::Module] License group:
  Id: F4-BENP-Z6VW-QKDG-XHQN-XXXX
  Product: Unity Personal
  Type: ULF
  Expiration: Unlimited
[Licensing::Module] License group:
  Id: 4673562123426-UnityPersXXXX
  Product: Unity Personal
  Type: Assigned
  Expiration: Unlimited
Symbol file LoadedFromMemory is not a mono symbol file
- Loaded All Assemblies, in  1.654 seconds
'Assets/Scripts/UI/ScreenView_TScreen, TPayload_.cs' contains partial class of Unity.Object, exactly 1 of the partial classes needs to be in a file with the same filename. This is to know the one that can be referenced from ie. GameObjects
'Assets/Scripts/UI/ScreenView_TScreen, TPayload_.cs' contains partial class of Unity.Object, exactly 1 of the partial classes needs to be in a file with the same filename. This is to know the one that can be referenced from ie. GameObjects
Refreshing native plugins compatible for Editor in 3.65 ms, found 2 plugins.
Native extension for WindowsStandalone target not found
[Package Manager] Failed to launch server process. Reason: Unity was launched with the -noUpm command-line argument
[Package Manager] Unable to send message (not connected to server process).
[Package Manager] Cannot connect to Unity Package Manager local server
Refreshing native plugins compatible for Editor in 3.63 ms, found 2 plugins.
[Package Manager] Failed to launch server process. Reason: Unity was launched with the -noUpm command-line argument
[Package Manager] Unable to send message (not connected to server process).
[Package Manager] Cannot connect to Unity Package Manager local server
ScheduleIndexationOnStartup MainProcess:False IndexOnStartup:True
Mono: successfully reloaded assembly
- Finished resetting the current domain, in  0.826 seconds
Domain Reload Profiling: 2475ms
	BeginReloadAssembly (1199ms)
		ExecutionOrderSort (0ms)
		DisableScriptedObjects (5ms)
		BackupInstance (0ms)
		ReleaseScriptingObjects (0ms)
		CreateAndSetChildDomain (31ms)
	RebuildCommonClasses (40ms)
	RebuildNativeTypeToScriptingClass (13ms)
	initialDomainReloadingComplete (29ms)
	LoadAllAssembliesAndSetupDomain (367ms)
		LoadAssemblies (312ms)
		RebuildTransferFunctionScriptingTraits (0ms)
		AnalyzeDomain (152ms)
			TypeCache.Refresh (113ms)
				TypeCache.ScanAssembly (101ms)
			BuildScriptInfoCaches (31ms)
			ResolveRequiredComponents (4ms)
	FinalizeReload (827ms)
		ReleaseScriptCaches (0ms)
		RebuildScriptCaches (0ms)
		SetupLoadedEditorAssemblies (707ms)
			LogAssemblyErrors (0ms)
			InitializePlatformSupportModulesInManaged (2ms)
			SetLoadedEditorAssemblies (3ms)
			BeforeProcessingInitializeOnLoad (116ms)
			ProcessInitializeOnLoadAttributes (417ms)
			ProcessInitializeOnLoadMethodAttributes (160ms)
			AfterProcessingInitializeOnLoad (9ms)
			EditorAssembliesLoaded (0ms)
		ExecutionOrderSort2 (0ms)
		AwakeInstancesAfterBackupRestoration (12ms)
Launched and connected shader compiler UnityShaderCompiler.exe after 0.01 seconds
Refreshing native plugins compatible for Editor in 4.45 ms, found 2 plugins.
Preloading 0 native plugins for Editor in 0.00 ms.
Unloading 0 Unused Serialized files (Serialized files now loaded: 0)
Unloading 3596 unused Assets / (1.2 MB). Loaded Objects now: 4190.
Memory consumption went from 93.3 MB to 92.1 MB.
Total: 12.584300 ms (FindLiveObjects: 0.430700 ms CreateObjectMapping: 0.253300 ms MarkObjects: 10.797800 ms  DeleteObjects: 1.101100 ms)

========================================================================
Received Import Request.
  Time since last request: 70587.198723 seconds.
  path: Assets/objects/buildings_downtown/empty_building.prefab
  artifactKey: Guid(1d781675639b41e3b67bf36aae3c327c) Importer(815301076,1909f56bfc062723c751e8b465ee728b)
Start importing Assets/objects/buildings_downtown/empty_building.prefab using Guid(1d781675639b41e3b67bf36aae3c327c) Importer(815301076,1909f56bfc062723c751e8b465ee728b) (PreviewImporter) -> (artifact id: '2b140ce4e68e00fbbc9df3c7b8c69311') in 0.0370595 seconds
Number of updated asset objects reloaded before import = 0Number of asset objects unloaded after import = 9

========================================================================
Received Import Request.
  Time since last request: 0.000014 seconds.
  path: Assets/objects/objects/MaxOutbuilding1500x400.prefab
  artifactKey: Guid(05eea5fa138643e2a8ccdaf5e09b9ddc) Importer(815301076,1909f56bfc062723c751e8b465ee728b)
Start importing Assets/objects/objects/MaxOutbuilding1500x400.prefab using Guid(05eea5fa138643e2a8ccdaf5e09b9ddc) Importer(815301076,1909f56bfc062723c751e8b465ee728b) (PreviewImporter) -> (artifact id: 'fd29ee8e12236f833c375c69d0eed07d') in 0.0566151 seconds
Number of updated asset objects reloaded before import = 0Number of asset objects unloaded after import = 15

========================================================================
Received Import Request.
  Time since last request: 16.281519 seconds.
  path: Assets/Resources/levelcontent/textures/v_Pipe_UL_02.png
  artifactKey: Guid(56547ced7eed7d84caa3d1a0ace1cf40) Importer(815301076,1909f56bfc062723c751e8b465ee728b)
Start importing Assets/Resources/levelcontent/textures/v_Pipe_UL_02.png using Guid(56547ced7eed7d84caa3d1a0ace1cf40) Importer(815301076,1909f56bfc062723c751e8b465ee728b) (PreviewImporter) -> (artifact id: '1ec4fb8aa5453b2e6d1b33e490a2d85e') in 0.0310693 seconds
Number of updated asset objects reloaded before import = 0Number of asset objects unloaded after import = 3

========================================================================
Received Import Request.
  Time since last request: 40.168948 seconds.
  path: Assets/sprites/Rectangle.png
  artifactKey: Guid(b32ba9a442a623340b42ccb418a09ee4) Importer(815301076,1909f56bfc062723c751e8b465ee728b)
Start importing Assets/sprites/Rectangle.png using Guid(b32ba9a442a623340b42ccb418a09ee4) Importer(815301076,1909f56bfc062723c751e8b465ee728b) (PreviewImporter) -> (artifact id: '7d6ed101259a4a75c4ed69c043a0ea09') in 0.0405256 seconds
Number of updated asset objects reloaded before import = 0Number of asset objects unloaded after import = 56

========================================================================
Received Import Request.
  Time since last request: 11.961868 seconds.
  path: Assets/sprites/Rectangle.png
  artifactKey: Guid(b32ba9a442a623340b42ccb418a09ee4) Importer(815301076,1909f56bfc062723c751e8b465ee728b)
Start importing Assets/sprites/Rectangle.png using Guid(b32ba9a442a623340b42ccb418a09ee4) Importer(815301076,1909f56bfc062723c751e8b465ee728b) (PreviewImporter) -> (artifact id: '35a23a12bd8f576d249ce18c07909124') in 0.0274191 seconds
Number of updated asset objects reloaded before import = 0Number of asset objects unloaded after import = 56

========================================================================
Received Import Request.
  Time since last request: 9.056343 seconds.
  path: Assets/Resources/levelcontent/textures/v_building_2_3_pattern.png
  artifactKey: Guid(87ba410271bdbf448976dd3a09ad48ec) Importer(815301076,1909f56bfc062723c751e8b465ee728b)
Start importing Assets/Resources/levelcontent/textures/v_building_2_3_pattern.png using Guid(87ba410271bdbf448976dd3a09ad48ec) Importer(815301076,1909f56bfc062723c751e8b465ee728b) (PreviewImporter) -> (artifact id: 'cfc676ce5fa0c4b928c3652534a627a9') in 0.0213321 seconds
Number of updated asset objects reloaded before import = 0Number of asset objects unloaded after import = 3

========================================================================
Received Prepare
Begin MonoManager ReloadAssembly
[Licensing::Client] Successfully resolved entitlement details
[Licensing::Module] License group:
  Id: F4-BENP-Z6VW-QKDG-XHQN-XXXX
  Product: Unity Personal
  Type: ULF
  Expiration: Unlimited
[Licensing::Module] License group:
  Id: 4673562123426-UnityPersXXXX
  Product: Unity Personal
  Type: Assigned
  Expiration: Unlimited
Symbol file LoadedFromMemory is not a mono symbol file
- Loaded All Assemblies, in  0.618 seconds
'Assets/Scripts/UI/ScreenView_TScreen, TPayload_.cs' contains partial class of Unity.Object, exactly 1 of the partial classes needs to be in a file with the same filename. This is to know the one that can be referenced from ie. GameObjects
'Assets/Scripts/UI/ScreenView_TScreen, TPayload_.cs' contains partial class of Unity.Object, exactly 1 of the partial classes needs to be in a file with the same filename. This is to know the one that can be referenced from ie. GameObjects
Refreshing native plugins compatible for Editor in 3.51 ms, found 2 plugins.
Native extension for WindowsStandalone target not found
[Package Manager] Failed to launch server process. Reason: Unity was launched with the -noUpm command-line argument
[Package Manager] Unable to send message (not connected to server process).
[Package Manager] Cannot connect to Unity Package Manager local server
[Package Manager] Failed to launch server process. Reason: Unity was launched with the -noUpm command-line argument
[Package Manager] Unable to send message (not connected to server process).
[Package Manager] Cannot connect to Unity Package Manager local server
ScheduleIndexationOnStartup MainProcess:False IndexOnStartup:True
Mono: successfully reloaded assembly
- Finished resetting the current domain, in  0.830 seconds
Domain Reload Profiling: 1445ms
	BeginReloadAssembly (216ms)
		ExecutionOrderSort (0ms)
		DisableScriptedObjects (5ms)
		BackupInstance (0ms)
		ReleaseScriptingObjects (0ms)
		CreateAndSetChildDomain (66ms)
	RebuildCommonClasses (33ms)
	RebuildNativeTypeToScriptingClass (11ms)
	initialDomainReloadingComplete (28ms)
	LoadAllAssembliesAndSetupDomain (327ms)
		LoadAssemblies (321ms)
		RebuildTransferFunctionScriptingTraits (0ms)
		AnalyzeDomain (103ms)
			TypeCache.Refresh (8ms)
				TypeCache.ScanAssembly (0ms)
			BuildScriptInfoCaches (88ms)
			ResolveRequiredComponents (3ms)
	FinalizeReload (830ms)
		ReleaseScriptCaches (0ms)
		RebuildScriptCaches (0ms)
		SetupLoadedEditorAssemblies (714ms)
			LogAssemblyErrors (0ms)
			InitializePlatformSupportModulesInManaged (2ms)
			SetLoadedEditorAssemblies (3ms)
			BeforeProcessingInitializeOnLoad (107ms)
			ProcessInitializeOnLoadAttributes (417ms)
			ProcessInitializeOnLoadMethodAttributes (178ms)
			AfterProcessingInitializeOnLoad (8ms)
			EditorAssembliesLoaded (0ms)
		ExecutionOrderSort2 (0ms)
		AwakeInstancesAfterBackupRestoration (13ms)
Refreshing native plugins compatible for Editor in 3.80 ms, found 2 plugins.
Preloading 0 native plugins for Editor in 0.00 ms.
Unloading 0 Unused Serialized files (Serialized files now loaded: 0)
Unloading 3596 unused Assets / (1.0 MB). Loaded Objects now: 4207.
Memory consumption went from 98.5 MB to 97.5 MB.
Total: 10.752100 ms (FindLiveObjects: 0.518500 ms CreateObjectMapping: 0.245400 ms MarkObjects: 9.061100 ms  DeleteObjects: 0.926100 ms)

Prepare: number of updated asset objects reloaded= 0
========================================================================
Received Import Request.
  Time since last request: 43.534695 seconds.
  path: Assets/sprites/RectangleButton.png
  artifactKey: Guid(53553f286455a884a889b665568d8f72) Importer(815301076,1909f56bfc062723c751e8b465ee728b)
Start importing Assets/sprites/RectangleButton.png using Guid(53553f286455a884a889b665568d8f72) Importer(815301076,1909f56bfc062723c751e8b465ee728b) (PreviewImporter) -> (artifact id: '838359cabc9c02943485b50530112a71') in 0.0769732 seconds
Number of updated asset objects reloaded before import = 0Number of asset objects unloaded after import = 56

========================================================================
Received Prepare
Begin MonoManager ReloadAssembly
Symbol file LoadedFromMemory is not a mono symbol file
- Loaded All Assemblies, in  0.600 seconds
'Assets/Scripts/UI/ScreenView_TScreen, TPayload_.cs' contains partial class of Unity.Object, exactly 1 of the partial classes needs to be in a file with the same filename. This is to know the one that can be referenced from ie. GameObjects
'Assets/Scripts/UI/ScreenView_TScreen, TPayload_.cs' contains partial class of Unity.Object, exactly 1 of the partial classes needs to be in a file with the same filename. This is to know the one that can be referenced from ie. GameObjects
Refreshing native plugins compatible for Editor in 3.75 ms, found 2 plugins.
Native extension for WindowsStandalone target not found
[Package Manager] Failed to launch server process. Reason: Unity was launched with the -noUpm command-line argument
[Package Manager] Unable to send message (not connected to server process).
[Package Manager] Cannot connect to Unity Package Manager local server
[Package Manager] Failed to launch server process. Reason: Unity was launched with the -noUpm command-line argument
[Package Manager] Unable to send message (not connected to server process).
[Package Manager] Cannot connect to Unity Package Manager local server
ScheduleIndexationOnStartup MainProcess:False IndexOnStartup:True
Mono: successfully reloaded assembly
- Finished resetting the current domain, in  0.774 seconds
Domain Reload Profiling: 1371ms
	BeginReloadAssembly (198ms)
		ExecutionOrderSort (0ms)
		DisableScriptedObjects (5ms)
		BackupInstance (0ms)
		ReleaseScriptingObjects (0ms)
		CreateAndSetChildDomain (51ms)
	RebuildCommonClasses (33ms)
	RebuildNativeTypeToScriptingClass (11ms)
	initialDomainReloadingComplete (29ms)
	LoadAllAssembliesAndSetupDomain (326ms)
		LoadAssemblies (316ms)
		RebuildTransferFunctionScriptingTraits (0ms)
		AnalyzeDomain (105ms)
			TypeCache.Refresh (8ms)
				TypeCache.ScanAssembly (0ms)
			BuildScriptInfoCaches (85ms)
			ResolveRequiredComponents (8ms)
	FinalizeReload (774ms)
		ReleaseScriptCaches (0ms)
		RebuildScriptCaches (0ms)
		SetupLoadedEditorAssemblies (658ms)
			LogAssemblyErrors (0ms)
			InitializePlatformSupportModulesInManaged (2ms)
			SetLoadedEditorAssemblies (2ms)
			BeforeProcessingInitializeOnLoad (108ms)
			ProcessInitializeOnLoadAttributes (367ms)
			ProcessInitializeOnLoadMethodAttributes (170ms)
			AfterProcessingInitializeOnLoad (8ms)
			EditorAssembliesLoaded (0ms)
		ExecutionOrderSort2 (0ms)
		AwakeInstancesAfterBackupRestoration (13ms)
Refreshing native plugins compatible for Editor in 4.10 ms, found 2 plugins.
Preloading 0 native plugins for Editor in 0.00 ms.
Unloading 0 Unused Serialized files (Serialized files now loaded: 0)
Unloading 3596 unused Assets / (1.1 MB). Loaded Objects now: 4210.
Memory consumption went from 98.5 MB to 97.4 MB.
Total: 13.661200 ms (FindLiveObjects: 0.529900 ms CreateObjectMapping: 0.270700 ms MarkObjects: 11.616400 ms  DeleteObjects: 1.242400 ms)

Prepare: number of updated asset objects reloaded= 0
========================================================================
Received Import Request.
  Time since last request: 12.463932 seconds.
  path: Assets/sprites/Passive.png
  artifactKey: Guid(6cf2fcb0e7af8de40aac6ed95dee072f) Importer(815301076,1909f56bfc062723c751e8b465ee728b)
Start importing Assets/sprites/Passive.png using Guid(6cf2fcb0e7af8de40aac6ed95dee072f) Importer(815301076,1909f56bfc062723c751e8b465ee728b) (PreviewImporter) -> (artifact id: 'e48b73060ece3dd69d7bf2667c8c0c07') in 0.0835232 seconds
Number of updated asset objects reloaded before import = 0Number of asset objects unloaded after import = 56

========================================================================
Received Import Request.
  Time since last request: 0.000022 seconds.
  path: Assets/sprites/RectangleButton.png
  artifactKey: Guid(53553f286455a884a889b665568d8f72) Importer(815301076,1909f56bfc062723c751e8b465ee728b)
Start importing Assets/sprites/RectangleButton.png using Guid(53553f286455a884a889b665568d8f72) Importer(815301076,1909f56bfc062723c751e8b465ee728b) (PreviewImporter) -> (artifact id: '6d14550209f983a1127498bb5d2dbc66') in 0.0230907 seconds
Number of updated asset objects reloaded before import = 0Number of asset objects unloaded after import = 56

========================================================================
Received Prepare
Refreshing native plugins compatible for Editor in 4.19 ms, found 2 plugins.
Preloading 0 native plugins for Editor in 0.00 ms.
Unloading 0 Unused Serialized files (Serialized files now loaded: 0)
Unloading 2 unused Assets / (91 B). Loaded Objects now: 4213.
Memory consumption went from 97.9 MB to 97.9 MB.
Total: 10.758300 ms (FindLiveObjects: 0.248700 ms CreateObjectMapping: 0.115400 ms MarkObjects: 10.329800 ms  DeleteObjects: 0.063100 ms)

Prepare: number of updated asset objects reloaded= 0
========================================================================
Received Import Request.
  Time since last request: 78.385934 seconds.
  path: Assets/SpriteAtlas/Preloader.spriteatlasv2
  artifactKey: Guid(1f20c95725052834fa06eeb336bfa937) Importer(815301076,1909f56bfc062723c751e8b465ee728b)
Start importing Assets/SpriteAtlas/Preloader.spriteatlasv2 using Guid(1f20c95725052834fa06eeb336bfa937) Importer(815301076,1909f56bfc062723c751e8b465ee728b) (PreviewImporter) -> (artifact id: '9ce9164d3dd4c81cb769449dbd866176') in 0.0024192 seconds
Number of updated asset objects reloaded before import = 0Number of asset objects unloaded after import = 2

========================================================================
Received Import Request.
  Time since last request: 0.000012 seconds.
  path: Assets/SpriteAtlas/Icons.spriteatlasv2
  artifactKey: Guid(f56a520571023974a9837d4709662d9b) Importer(815301076,1909f56bfc062723c751e8b465ee728b)
Start importing Assets/SpriteAtlas/Icons.spriteatlasv2 using Guid(f56a520571023974a9837d4709662d9b) Importer(815301076,1909f56bfc062723c751e8b465ee728b) (PreviewImporter) -> (artifact id: 'b753cf24af1b36fa2ce4bf7831dc61b1') in 0.0011707 seconds
Number of updated asset objects reloaded before import = 0Number of asset objects unloaded after import = 2

========================================================================
Received Prepare
Begin MonoManager ReloadAssembly
[Licensing::Client] Successfully resolved entitlement details
[Licensing::Module] License group:
  Id: F4-BENP-Z6VW-QKDG-XHQN-XXXX
  Product: Unity Personal
  Type: ULF
  Expiration: Unlimited
[Licensing::Module] License group:
  Id: 4673562123426-UnityPersXXXX
  Product: Unity Personal
  Type: Assigned
  Expiration: Unlimited
Symbol file LoadedFromMemory is not a mono symbol file
- Loaded All Assemblies, in  0.527 seconds
'Assets/Scripts/UI/ScreenView_TScreen, TPayload_.cs' contains partial class of Unity.Object, exactly 1 of the partial classes needs to be in a file with the same filename. This is to know the one that can be referenced from ie. GameObjects
'Assets/Scripts/UI/ScreenView_TScreen, TPayload_.cs' contains partial class of Unity.Object, exactly 1 of the partial classes needs to be in a file with the same filename. This is to know the one that can be referenced from ie. GameObjects
Refreshing native plugins compatible for Editor in 3.93 ms, found 2 plugins.
Native extension for WindowsStandalone target not found
[Package Manager] Failed to launch server process. Reason: Unity was launched with the -noUpm command-line argument
[Package Manager] Unable to send message (not connected to server process).
[Package Manager] Cannot connect to Unity Package Manager local server
[Package Manager] Failed to launch server process. Reason: Unity was launched with the -noUpm command-line argument
[Package Manager] Unable to send message (not connected to server process).
[Package Manager] Cannot connect to Unity Package Manager local server
ScheduleIndexationOnStartup MainProcess:False IndexOnStartup:True
Mono: successfully reloaded assembly
- Finished resetting the current domain, in  0.722 seconds
Domain Reload Profiling: 1246ms
	BeginReloadAssembly (188ms)
		ExecutionOrderSort (0ms)
		DisableScriptedObjects (4ms)
		BackupInstance (0ms)
		ReleaseScriptingObjects (0ms)
		CreateAndSetChildDomain (47ms)
	RebuildCommonClasses (30ms)
	RebuildNativeTypeToScriptingClass (11ms)
	initialDomainReloadingComplete (27ms)
	LoadAllAssembliesAndSetupDomain (269ms)
		LoadAssemblies (264ms)
		RebuildTransferFunctionScriptingTraits (0ms)
		AnalyzeDomain (92ms)
			TypeCache.Refresh (5ms)
				TypeCache.ScanAssembly (0ms)
			BuildScriptInfoCaches (79ms)
			ResolveRequiredComponents (3ms)
	FinalizeReload (722ms)
		ReleaseScriptCaches (0ms)
		RebuildScriptCaches (0ms)
		SetupLoadedEditorAssemblies (618ms)
			LogAssemblyErrors (0ms)
			InitializePlatformSupportModulesInManaged (1ms)
			SetLoadedEditorAssemblies (2ms)
			BeforeProcessingInitializeOnLoad (105ms)
			ProcessInitializeOnLoadAttributes (354ms)
			ProcessInitializeOnLoadMethodAttributes (147ms)
			AfterProcessingInitializeOnLoad (8ms)
			EditorAssembliesLoaded (0ms)
		ExecutionOrderSort2 (0ms)
		AwakeInstancesAfterBackupRestoration (13ms)
Refreshing native plugins compatible for Editor in 3.82 ms, found 2 plugins.
Preloading 0 native plugins for Editor in 0.00 ms.
Unloading 0 Unused Serialized files (Serialized files now loaded: 0)
Unloading 3594 unused Assets / (0.7 MB). Loaded Objects now: 4213.
Memory consumption went from 96.2 MB to 95.5 MB.
Total: 10.642400 ms (FindLiveObjects: 0.433300 ms CreateObjectMapping: 0.178500 ms MarkObjects: 9.360900 ms  DeleteObjects: 0.668800 ms)

Prepare: number of updated asset objects reloaded= 0
========================================================================
Received Prepare
Begin MonoManager ReloadAssembly
Symbol file LoadedFromMemory is not a mono symbol file
- Loaded All Assemblies, in  0.531 seconds
'Assets/Scripts/UI/ScreenView_TScreen, TPayload_.cs' contains partial class of Unity.Object, exactly 1 of the partial classes needs to be in a file with the same filename. This is to know the one that can be referenced from ie. GameObjects
'Assets/Scripts/UI/ScreenView_TScreen, TPayload_.cs' contains partial class of Unity.Object, exactly 1 of the partial classes needs to be in a file with the same filename. This is to know the one that can be referenced from ie. GameObjects
Refreshing native plugins compatible for Editor in 3.17 ms, found 2 plugins.
Native extension for WindowsStandalone target not found
[Package Manager] Failed to launch server process. Reason: Unity was launched with the -noUpm command-line argument
[Package Manager] Unable to send message (not connected to server process).
[Package Manager] Cannot connect to Unity Package Manager local server
[Package Manager] Failed to launch server process. Reason: Unity was launched with the -noUpm command-line argument
[Package Manager] Unable to send message (not connected to server process).
[Package Manager] Cannot connect to Unity Package Manager local server
ScheduleIndexationOnStartup MainProcess:False IndexOnStartup:True
Mono: successfully reloaded assembly
- Finished resetting the current domain, in  0.749 seconds
Domain Reload Profiling: 1276ms
	BeginReloadAssembly (181ms)
		ExecutionOrderSort (0ms)
		DisableScriptedObjects (5ms)
		BackupInstance (0ms)
		ReleaseScriptingObjects (0ms)
		CreateAndSetChildDomain (45ms)
	RebuildCommonClasses (31ms)
	RebuildNativeTypeToScriptingClass (11ms)
	initialDomainReloadingComplete (26ms)
	LoadAllAssembliesAndSetupDomain (278ms)
		LoadAssemblies (265ms)
		RebuildTransferFunctionScriptingTraits (0ms)
		AnalyzeDomain (101ms)
			TypeCache.Refresh (6ms)
				TypeCache.ScanAssembly (0ms)
			BuildScriptInfoCaches (87ms)
			ResolveRequiredComponents (4ms)
	FinalizeReload (749ms)
		ReleaseScriptCaches (0ms)
		RebuildScriptCaches (0ms)
		SetupLoadedEditorAssemblies (644ms)
			LogAssemblyErrors (0ms)
			InitializePlatformSupportModulesInManaged (2ms)
			SetLoadedEditorAssemblies (2ms)
			BeforeProcessingInitializeOnLoad (103ms)
			ProcessInitializeOnLoadAttributes (360ms)
			ProcessInitializeOnLoadMethodAttributes (169ms)
			AfterProcessingInitializeOnLoad (8ms)
			EditorAssembliesLoaded (0ms)
		ExecutionOrderSort2 (0ms)
		AwakeInstancesAfterBackupRestoration (14ms)
Refreshing native plugins compatible for Editor in 4.41 ms, found 2 plugins.
Preloading 0 native plugins for Editor in 0.00 ms.
Unloading 0 Unused Serialized files (Serialized files now loaded: 0)
Unloading 3594 unused Assets / (0.8 MB). Loaded Objects now: 4214.
Memory consumption went from 96.2 MB to 95.4 MB.
Total: 10.443100 ms (FindLiveObjects: 0.399800 ms CreateObjectMapping: 0.151900 ms MarkObjects: 9.000100 ms  DeleteObjects: 0.890400 ms)

Prepare: number of updated asset objects reloaded= 0
========================================================================
Received Import Request.
  Time since last request: 203.245530 seconds.
  path: Assets/sprites/star_full.png
  artifactKey: Guid(08c60fb02fa3e424a8f1a96e3c64c7bf) Importer(815301076,1909f56bfc062723c751e8b465ee728b)
Start importing Assets/sprites/star_full.png using Guid(08c60fb02fa3e424a8f1a96e3c64c7bf) Importer(815301076,1909f56bfc062723c751e8b465ee728b) (PreviewImporter) -> (artifact id: 'ea6dfa5f625fc0f4f583601b6a6a940d') in 0.0929382 seconds
Number of updated asset objects reloaded before import = 0Number of asset objects unloaded after import = 84

========================================================================
Received Import Request.
  Time since last request: 0.000016 seconds.
  path: Assets/sprites/trick_active_up_07.png
  artifactKey: Guid(34e4d62656ef05e4b8eb1c47ae4e5d70) Importer(815301076,1909f56bfc062723c751e8b465ee728b)
Start importing Assets/sprites/trick_active_up_07.png using Guid(34e4d62656ef05e4b8eb1c47ae4e5d70) Importer(815301076,1909f56bfc062723c751e8b465ee728b) (PreviewImporter) -> (artifact id: '107275daca3a60c7cc107a284986deac') in 0.0222451 seconds
Number of updated asset objects reloaded before import = 0Number of asset objects unloaded after import = 32

========================================================================
Received Import Request.
  Time since last request: 0.000015 seconds.
  path: Assets/sprites/stopsign_05.png
  artifactKey: Guid(1444a51b63740984bb279576673929bf) Importer(815301076,1909f56bfc062723c751e8b465ee728b)
Start importing Assets/sprites/stopsign_05.png using Guid(1444a51b63740984bb279576673929bf) Importer(815301076,1909f56bfc062723c751e8b465ee728b) (PreviewImporter) -> (artifact id: '0f45a72b7b53cbc5b68a175b6f73d1c1') in 0.0212514 seconds
Number of updated asset objects reloaded before import = 0Number of asset objects unloaded after import = 48

========================================================================
Received Import Request.
  Time since last request: 0.000022 seconds.
  path: Assets/sprites/stopsign_04.png
  artifactKey: Guid(92cdb9e8652db0c4a8827af2db89d31a) Importer(815301076,1909f56bfc062723c751e8b465ee728b)
Start importing Assets/sprites/stopsign_04.png using Guid(92cdb9e8652db0c4a8827af2db89d31a) Importer(815301076,1909f56bfc062723c751e8b465ee728b) (PreviewImporter) -> (artifact id: '433a85160df6c4dd8e032d7f0915e838') in 0.0219835 seconds
Number of updated asset objects reloaded before import = 0Number of asset objects unloaded after import = 48

========================================================================
Received Import Request.
  Time since last request: 0.000024 seconds.
  path: Assets/sprites/stopsign_03.png
  artifactKey: Guid(43c25442ce632a747bb82b448668ff30) Importer(815301076,1909f56bfc062723c751e8b465ee728b)
Start importing Assets/sprites/stopsign_03.png using Guid(43c25442ce632a747bb82b448668ff30) Importer(815301076,1909f56bfc062723c751e8b465ee728b) (PreviewImporter) -> (artifact id: 'f3e46c56f4f22d298c538f1d753692dd') in 0.021063 seconds
Number of updated asset objects reloaded before import = 0Number of asset objects unloaded after import = 48

========================================================================
Received Import Request.
  Time since last request: 0.000019 seconds.
  path: Assets/sprites/stopsign_13.png
  artifactKey: Guid(c09397bcfb5ecc6489eb9f2a67d38eee) Importer(815301076,1909f56bfc062723c751e8b465ee728b)
Start importing Assets/sprites/stopsign_13.png using Guid(c09397bcfb5ecc6489eb9f2a67d38eee) Importer(815301076,1909f56bfc062723c751e8b465ee728b) (PreviewImporter) -> (artifact id: '8a45d064743bec6baa7c197936115591') in 0.0199293 seconds
Number of updated asset objects reloaded before import = 0Number of asset objects unloaded after import = 48

========================================================================
Received Import Request.
  Time since last request: 0.000020 seconds.
  path: Assets/sprites/trick_active_up_03.png
  artifactKey: Guid(409d30974c111f1459e120bf061a06f7) Importer(815301076,1909f56bfc062723c751e8b465ee728b)
Start importing Assets/sprites/trick_active_up_03.png using Guid(409d30974c111f1459e120bf061a06f7) Importer(815301076,1909f56bfc062723c751e8b465ee728b) (PreviewImporter) -> (artifact id: '1a177120353c70e605c52b3419689162') in 0.0197289 seconds
Number of updated asset objects reloaded before import = 0Number of asset objects unloaded after import = 32

========================================================================
Received Import Request.
  Time since last request: 0.000028 seconds.
  path: Assets/sprites/stopsign_19.png
  artifactKey: Guid(6ced685b586c13f489c1a0ad5c64cce3) Importer(815301076,1909f56bfc062723c751e8b465ee728b)
Start importing Assets/sprites/stopsign_19.png using Guid(6ced685b586c13f489c1a0ad5c64cce3) Importer(815301076,1909f56bfc062723c751e8b465ee728b) (PreviewImporter) -> (artifact id: 'bb0d969bf52efa9fe35c9cd06c018662') in 0.0195204 seconds
Number of updated asset objects reloaded before import = 0Number of asset objects unloaded after import = 48

========================================================================
Received Import Request.
  Time since last request: 0.000024 seconds.
  path: Assets/sprites/stopsign_22.png
  artifactKey: Guid(c51303093b72c8c43805eff2e78ab11d) Importer(815301076,1909f56bfc062723c751e8b465ee728b)
Start importing Assets/sprites/stopsign_22.png using Guid(c51303093b72c8c43805eff2e78ab11d) Importer(815301076,1909f56bfc062723c751e8b465ee728b) (PreviewImporter) -> (artifact id: '5c9eb8ffeab9336ed4ffde6e4e20c966') in 0.0188117 seconds
Number of updated asset objects reloaded before import = 0Number of asset objects unloaded after import = 48

========================================================================
Received Import Request.
  Time since last request: 0.000020 seconds.
  path: Assets/sprites/trick_active_up_10.png
  artifactKey: Guid(02acec6938c1b3a459f5c2aa22ab8272) Importer(815301076,1909f56bfc062723c751e8b465ee728b)
Start importing Assets/sprites/trick_active_up_10.png using Guid(02acec6938c1b3a459f5c2aa22ab8272) Importer(815301076,1909f56bfc062723c751e8b465ee728b) (PreviewImporter) -> (artifact id: '19515c68b418cd0f276d80054b20e84c') in 0.0182626 seconds
Number of updated asset objects reloaded before import = 0Number of asset objects unloaded after import = 32

========================================================================
Received Import Request.
  Time since last request: 0.000018 seconds.
  path: Assets/sprites/UIPixel.png
  artifactKey: Guid(aa240d6fb61aa744fbd25262815bcbcf) Importer(815301076,1909f56bfc062723c751e8b465ee728b)
Start importing Assets/sprites/UIPixel.png using Guid(aa240d6fb61aa744fbd25262815bcbcf) Importer(815301076,1909f56bfc062723c751e8b465ee728b) (PreviewImporter) -> (artifact id: 'f77a9f642f2bf82a11243ea84981b9ef') in 0.0255171 seconds
Number of updated asset objects reloaded before import = 0Number of asset objects unloaded after import = 58

========================================================================
Received Import Request.
  Time since last request: 0.000020 seconds.
  path: Assets/sprites/trick_idle_up_05.png
  artifactKey: Guid(cd8e4ab19d1e2574d918c3fa3319de2c) Importer(815301076,1909f56bfc062723c751e8b465ee728b)
Start importing Assets/sprites/trick_idle_up_05.png using Guid(cd8e4ab19d1e2574d918c3fa3319de2c) Importer(815301076,1909f56bfc062723c751e8b465ee728b) (PreviewImporter) -> (artifact id: 'd478815d0ac79d4ea1403a88b4e4fc8e') in 0.0176251 seconds
Number of updated asset objects reloaded before import = 0Number of asset objects unloaded after import = 36

========================================================================
Received Import Request.
  Time since last request: 0.000016 seconds.
  path: Assets/sprites/stopsign_08.png
  artifactKey: Guid(fcaff4e0d74e56c46bb5b8582c5ebc6a) Importer(815301076,1909f56bfc062723c751e8b465ee728b)
Start importing Assets/sprites/stopsign_08.png using Guid(fcaff4e0d74e56c46bb5b8582c5ebc6a) Importer(815301076,1909f56bfc062723c751e8b465ee728b) (PreviewImporter) -> (artifact id: 'e00bc5e11b1735f9973c36b324f5690c') in 0.0209702 seconds
Number of updated asset objects reloaded before import = 0Number of asset objects unloaded after import = 48

========================================================================
Received Import Request.
  Time since last request: 0.000021 seconds.
  path: Assets/sprites/trick_active_up_04.png
  artifactKey: Guid(2f9bee977d753f74c85243705324db32) Importer(815301076,1909f56bfc062723c751e8b465ee728b)
Start importing Assets/sprites/trick_active_up_04.png using Guid(2f9bee977d753f74c85243705324db32) Importer(815301076,1909f56bfc062723c751e8b465ee728b) (PreviewImporter) -> (artifact id: 'e07965460169a0d8a31ab00f3f7eaa84') in 0.0186963 seconds
Number of updated asset objects reloaded before import = 0Number of asset objects unloaded after import = 32

========================================================================
Received Import Request.
  Time since last request: 0.000018 seconds.
  path: Assets/sprites/trick_idle_up_12.png
  artifactKey: Guid(f45039c59876d4d47bfd8371b74fd775) Importer(815301076,1909f56bfc062723c751e8b465ee728b)
Start importing Assets/sprites/trick_idle_up_12.png using Guid(f45039c59876d4d47bfd8371b74fd775) Importer(815301076,1909f56bfc062723c751e8b465ee728b) (PreviewImporter) -> (artifact id: 'f70b8b3e193865498f37790e9560e931') in 0.019058 seconds
Number of updated asset objects reloaded before import = 0Number of asset objects unloaded after import = 36

========================================================================
Received Import Request.
  Time since last request: 0.000019 seconds.
  path: Assets/sprites/trick_active_up_13.png
  artifactKey: Guid(c60394261cc10de409393a166edc564a) Importer(815301076,1909f56bfc062723c751e8b465ee728b)
Start importing Assets/sprites/trick_active_up_13.png using Guid(c60394261cc10de409393a166edc564a) Importer(815301076,1909f56bfc062723c751e8b465ee728b) (PreviewImporter) -> (artifact id: '1136d99e11e7a4956b690876bc09ee72') in 0.0192839 seconds
Number of updated asset objects reloaded before import = 0Number of asset objects unloaded after import = 32

========================================================================
Received Import Request.
  Time since last request: 0.000015 seconds.
  path: Assets/sprites/trick_idle_up_04.png
  artifactKey: Guid(6622abfdd69df824699607b9a951cd73) Importer(815301076,1909f56bfc062723c751e8b465ee728b)
Start importing Assets/sprites/trick_idle_up_04.png using Guid(6622abfdd69df824699607b9a951cd73) Importer(815301076,1909f56bfc062723c751e8b465ee728b) (PreviewImporter) -> (artifact id: 'f8a9868fdac81ffec89d522286354333') in 0.0200052 seconds
Number of updated asset objects reloaded before import = 0Number of asset objects unloaded after import = 36

========================================================================
Received Import Request.
  Time since last request: 0.000020 seconds.
  path: Assets/sprites/stopsign_14.png
  artifactKey: Guid(85de76a620906384f9a7d1c898598a30) Importer(815301076,1909f56bfc062723c751e8b465ee728b)
Start importing Assets/sprites/stopsign_14.png using Guid(85de76a620906384f9a7d1c898598a30) Importer(815301076,1909f56bfc062723c751e8b465ee728b) (PreviewImporter) -> (artifact id: '4699be571a267fb6beac61e68b250e7c') in 0.0178365 seconds
Number of updated asset objects reloaded before import = 0Number of asset objects unloaded after import = 48

========================================================================
Received Import Request.
  Time since last request: 0.000026 seconds.
  path: Assets/sprites/stopsign_17.png
  artifactKey: Guid(c1cd12fa7b1645d4996f0e7a1324ed61) Importer(815301076,1909f56bfc062723c751e8b465ee728b)
Start importing Assets/sprites/stopsign_17.png using Guid(c1cd12fa7b1645d4996f0e7a1324ed61) Importer(815301076,1909f56bfc062723c751e8b465ee728b) (PreviewImporter) -> (artifact id: '13a4c31035f37e19fcec3b1ddfd52780') in 0.0200849 seconds
Number of updated asset objects reloaded before import = 0Number of asset objects unloaded after import = 48

========================================================================
Received Import Request.
  Time since last request: 0.000021 seconds.
  path: Assets/sprites/stopsign_01.png
  artifactKey: Guid(d9df476724223834ca123cf80f96ffa1) Importer(815301076,1909f56bfc062723c751e8b465ee728b)
Start importing Assets/sprites/stopsign_01.png using Guid(d9df476724223834ca123cf80f96ffa1) Importer(815301076,1909f56bfc062723c751e8b465ee728b) (PreviewImporter) -> (artifact id: 'a8a2a45f77e3b1424b8812e8fa70e361') in 0.0225715 seconds
Number of updated asset objects reloaded before import = 0Number of asset objects unloaded after import = 48

========================================================================
Received Import Request.
  Time since last request: 0.000022 seconds.
  path: Assets/sprites/stopsign_11.png
  artifactKey: Guid(4238bf024e075ff458260361e2708fa4) Importer(815301076,1909f56bfc062723c751e8b465ee728b)
Start importing Assets/sprites/stopsign_11.png using Guid(4238bf024e075ff458260361e2708fa4) Importer(815301076,1909f56bfc062723c751e8b465ee728b) (PreviewImporter) -> (artifact id: 'a11ef2b1f2173c981b589e40649a9fca') in 0.0222432 seconds
Number of updated asset objects reloaded before import = 0Number of asset objects unloaded after import = 48

========================================================================
Received Import Request.
  Time since last request: 0.000015 seconds.
  path: Assets/sprites/trick_idle_up_09.png
  artifactKey: Guid(f33268c8df102634f8834c2895bad0a5) Importer(815301076,1909f56bfc062723c751e8b465ee728b)
Start importing Assets/sprites/trick_idle_up_09.png using Guid(f33268c8df102634f8834c2895bad0a5) Importer(815301076,1909f56bfc062723c751e8b465ee728b) (PreviewImporter) -> (artifact id: '1d14190f583fa9961bc01f72be34ebed') in 0.0185201 seconds
Number of updated asset objects reloaded before import = 0Number of asset objects unloaded after import = 36

========================================================================
Received Import Request.
  Time since last request: 0.000021 seconds.
  path: Assets/sprites/stopsign_18.png
  artifactKey: Guid(f721af407cb5254438df1fc4ae43e2d4) Importer(815301076,1909f56bfc062723c751e8b465ee728b)
Start importing Assets/sprites/stopsign_18.png using Guid(f721af407cb5254438df1fc4ae43e2d4) Importer(815301076,1909f56bfc062723c751e8b465ee728b) (PreviewImporter) -> (artifact id: '4ea816f21b1871710254bd138b83cecb') in 0.0194691 seconds
Number of updated asset objects reloaded before import = 0Number of asset objects unloaded after import = 48

========================================================================
Received Import Request.
  Time since last request: 0.000016 seconds.
  path: Assets/sprites/trick_active_up_09.png
  artifactKey: Guid(af25f0998d1494d46990aa4e331816eb) Importer(815301076,1909f56bfc062723c751e8b465ee728b)
Start importing Assets/sprites/trick_active_up_09.png using Guid(af25f0998d1494d46990aa4e331816eb) Importer(815301076,1909f56bfc062723c751e8b465ee728b) (PreviewImporter) -> (artifact id: '7e3dd45d8294e6219c6282aa4ce6df92') in 0.0198698 seconds
Number of updated asset objects reloaded before import = 0Number of asset objects unloaded after import = 32

========================================================================
Received Import Request.
  Time since last request: 0.000017 seconds.
  path: Assets/sprites/trick_idle_up_01.png
  artifactKey: Guid(9abf70106bedc064b8a8c6a3b51cef78) Importer(815301076,1909f56bfc062723c751e8b465ee728b)
Start importing Assets/sprites/trick_idle_up_01.png using Guid(9abf70106bedc064b8a8c6a3b51cef78) Importer(815301076,1909f56bfc062723c751e8b465ee728b) (PreviewImporter) -> (artifact id: 'b5fe29186ca5a9cf5b28e69735ee9d7f') in 0.0187208 seconds
Number of updated asset objects reloaded before import = 0Number of asset objects unloaded after import = 36

========================================================================
Received Import Request.
  Time since last request: 0.000015 seconds.
  path: Assets/sprites/trick_idle_up_14.png
  artifactKey: Guid(b31a256749066964690be4144242f245) Importer(815301076,1909f56bfc062723c751e8b465ee728b)
Start importing Assets/sprites/trick_idle_up_14.png using Guid(b31a256749066964690be4144242f245) Importer(815301076,1909f56bfc062723c751e8b465ee728b) (PreviewImporter) -> (artifact id: '48855392437a8c45f0f3770da5ea1adb') in 0.0178108 seconds
Number of updated asset objects reloaded before import = 0Number of asset objects unloaded after import = 36

========================================================================
Received Import Request.
  Time since last request: 0.000015 seconds.
  path: Assets/sprites/trick_idle_up_03.png
  artifactKey: Guid(cd78c0c0e2c70fa4e99c72022addd824) Importer(815301076,1909f56bfc062723c751e8b465ee728b)
Start importing Assets/sprites/trick_idle_up_03.png using Guid(cd78c0c0e2c70fa4e99c72022addd824) Importer(815301076,1909f56bfc062723c751e8b465ee728b) (PreviewImporter) -> (artifact id: 'b6a76da91551c4a5f5361185ee6862fb') in 0.019273 seconds
Number of updated asset objects reloaded before import = 0Number of asset objects unloaded after import = 36

Editor requested this worker to shutdown with reason: Scaling down because of idle timeout
AssetImportWorkerClient::OnTransportError - code=2 error=End of file
AssetImportWorker is now disconnected from the server
Process exiting
Exiting without the bug reporter. Application will terminate with return code 0