
=== Tue Aug  5 12:20:02 2025

Packages were changed.
Update Mode: resetToDefaultDependencies

The following packages were added:
  com.unity.collab-proxy@1.14.12
  com.unity.ide.rider@1.2.1
  com.unity.ide.visualstudio@2.0.14
  com.unity.ide.vscode@1.2.4
  com.unity.modules.ai@1.0.0
  com.unity.modules.androidjni@1.0.0
  com.unity.modules.animation@1.0.0
  com.unity.modules.assetbundle@1.0.0
  com.unity.modules.audio@1.0.0
  com.unity.modules.cloth@1.0.0
  com.unity.modules.director@1.0.0
  com.unity.modules.imageconversion@1.0.0
  com.unity.modules.imgui@1.0.0
  com.unity.modules.jsonserialize@1.0.0
  com.unity.modules.particlesystem@1.0.0
  com.unity.modules.physics@1.0.0
  com.unity.modules.physics2d@1.0.0
  com.unity.modules.screencapture@1.0.0
  com.unity.modules.terrain@1.0.0
  com.unity.modules.terrainphysics@1.0.0
  com.unity.modules.tilemap@1.0.0
  com.unity.modules.ui@1.0.0
  com.unity.modules.uielements@1.0.0
  com.unity.modules.umbra@1.0.0
  com.unity.modules.unityanalytics@1.0.0
  com.unity.modules.unitywebrequest@1.0.0
  com.unity.modules.unitywebrequestassetbundle@1.0.0
  com.unity.modules.unitywebrequestaudio@1.0.0
  com.unity.modules.unitywebrequesttexture@1.0.0
  com.unity.modules.unitywebrequestwww@1.0.0
  com.unity.modules.vehicles@1.0.0
  com.unity.modules.video@1.0.0
  com.unity.modules.vr@1.0.0
  com.unity.modules.wind@1.0.0
  com.unity.modules.xr@1.0.0
  com.unity.test-framework@1.1.30
  com.unity.textmeshpro@2.1.6
  com.unity.timeline@1.2.18
  com.unity.ugui@1.0.0

=== Sat Aug  9 19:29:43 2025

Packages were changed.
Update Mode: resetToDefaultDependencies

The following packages were removed:
  com.unity.analytics@3.6.12
  com.unity.mobile.notifications@1.4.4
  com.unity.nuget.newtonsoft-json@2.0.2
  com.unity.purchasing@4.1.5

=== Fri Oct  3 16:58:58 2025

Packages were changed.
Update Mode: updateDependencies

The following packages were updated:
  com.unity.collab-proxy from version 1.14.12 to 1.15.17
  com.unity.ide.rider from version 1.2.1 to 2.0.7
  com.unity.mobile.notifications from version 1.4.4 to 2.0.1
  com.unity.nuget.newtonsoft-json from version 2.0.2 to 3.0.2
  com.unity.test-framework from version 1.1.30 to 1.1.31
  com.unity.textmeshpro from version 2.1.6 to 3.0.6
  com.unity.timeline from version 1.2.18 to 1.4.8

=== Sat Oct 18 17:20:11 2025

Packages were changed.
Update Mode: updateDependencies

The following packages were added:
  com.unity.ai.navigation@2.0.8
  com.unity.modules.accessibility@1.0.0
  com.unity.multiplayer.center@1.0.0
The following packages were updated:
  com.unity.collab-proxy from version 1.15.17 to 2.8.2
  com.unity.ide.rider from version 2.0.7 to 3.0.36
  com.unity.mobile.notifications from version 2.0.1 to 2.4.1
  com.unity.nuget.newtonsoft-json from version 3.0.2 to 3.2.1
  com.unity.purchasing from version 4.1.5 to 4.12.2
  com.unity.test-framework from version 1.1.31 to 1.5.1
  com.unity.timeline from version 1.4.8 to 1.8.7
  com.unity.ugui from version 1.0.0 to 2.0.0
The following packages were removed:
  com.unity.textmeshpro@3.0.6

=== Sun Mar 15 20:29:55 2026

Packages were changed.
Update Mode: updateDependencies

The following packages were added:
  com.unity.modules.adaptiveperformance@1.0.0
  com.unity.modules.vectorgraphics@1.0.0
The following packages were updated:
  com.unity.ai.navigation from version 2.0.8 to 2.0.11
  com.unity.collab-proxy from version 2.8.2 to 2.11.4
  com.unity.ide.visualstudio from version 2.0.23 to 2.0.26
  com.unity.inputsystem from version 1.14.2 to 1.19.0
  com.unity.mobile.notifications from version 2.4.1 to 2.4.3
  com.unity.multiplayer.center from version 1.0.0 to 1.0.1
  com.unity.nuget.newtonsoft-json from version 3.2.1 to 3.2.2
  com.unity.purchasing from version 4.12.2 to 4.14.2
  com.unity.test-framework from version 1.5.1 to 1.6.0
  com.unity.timeline from version 1.8.7 to 1.8.11
